19-09-11.18:02:57.314 [main            ] INFO  SpringBootTestContextBootstrapper  - Neither @ContextConfiguration nor @ContextHierarchy found for test class [IDeptServiceTest], using SpringBootContextLoader
19-09-11.18:02:57.324 [main            ] INFO  AbstractContextLoader   - Could not detect default resource locations for test class [IDeptServiceTest]: no resource found for suffixes {-context.xml, Context.groovy}.
19-09-11.18:02:57.685 [main            ] INFO  SpringBootTestContextBootstrapper  - Loaded default TestExecutionListener class names from location [META-INF/spring.factories]: [org.springframework.boot.test.mock.mockito.MockitoTestExecutionListener, org.springframework.boot.test.mock.mockito.ResetMocksTestExecutionListener, org.springframework.boot.test.autoconfigure.restdocs.RestDocsTestExecutionListener, org.springframework.boot.test.autoconfigure.web.client.MockRestServiceServerResetTestExecutionListener, org.springframework.boot.test.autoconfigure.web.servlet.MockMvcPrintOnlyOnFailureTestExecutionListener, org.springframework.boot.test.autoconfigure.web.servlet.WebDriverTestExecutionListener, org.springframework.test.context.web.ServletTestExecutionListener, org.springframework.test.context.support.DirtiesContextBeforeModesTestExecutionListener, org.springframework.test.context.support.DependencyInjectionTestExecutionListener, org.springframework.test.context.support.DirtiesContextTestExecutionListener, org.springframework.test.context.transaction.TransactionalTestExecutionListener, org.springframework.test.context.jdbc.SqlScriptsTestExecutionListener]
19-09-11.18:02:57.717 [main            ] INFO  SpringBootTestContextBootstrapper  - Using TestExecutionListeners: [org.springframework.test.context.web.ServletTestExecutionListener@31f9b85e, org.springframework.test.context.support.DirtiesContextBeforeModesTestExecutionListener@424e1977, org.springframework.boot.test.mock.mockito.MockitoTestExecutionListener@10d68fcd, org.springframework.boot.test.autoconfigure.SpringBootDependencyInjectionTestExecutionListener@117e949d, org.springframework.test.context.support.DirtiesContextTestExecutionListener@6db9f5a4, org.springframework.test.context.transaction.TransactionalTestExecutionListener@5f8edcc5, org.springframework.test.context.jdbc.SqlScriptsTestExecutionListener@7b02881e, org.springframework.boot.test.mock.mockito.ResetMocksTestExecutionListener@1ebd319f, org.springframework.boot.test.autoconfigure.restdocs.RestDocsTestExecutionListener@3c0be339, org.springframework.boot.test.autoconfigure.web.client.MockRestServiceServerResetTestExecutionListener@15ca7889, org.springframework.boot.test.autoconfigure.web.servlet.MockMvcPrintOnlyOnFailureTestExecutionListener@7a675056, org.springframework.boot.test.autoconfigure.web.servlet.WebDriverTestExecutionListener@d21a74c]
19-09-11.18:02:59.560 [main            ] INFO  PostProcessorRegistrationDelegate$BeanPostProcessorChecker  - Bean 'org.springframework.cloud.autoconfigure.ConfigurationPropertiesRebinderAutoConfiguration' of type [org.springframework.cloud.autoconfigure.ConfigurationPropertiesRebinderAutoConfiguration$$EnhancerBySpringCGLIB$$977a1d21] is not eligible for getting processed by all BeanPostProcessors (for example: not eligible for auto-proxying)
19-09-11.18:02:59.991 [main            ] INFO  IDeptServiceTest        - No active profile set, falling back to default profiles: default
19-09-11.18:03:01.596 [main            ] INFO  GenericScope            - BeanFactory id=2cef0522-e27a-307e-bf17-34cdc47075cc
19-09-11.18:03:01.800 [main            ] INFO  PostProcessorRegistrationDelegate$BeanPostProcessorChecker  - Bean 'org.springframework.transaction.annotation.ProxyTransactionManagementConfiguration' of type [org.springframework.transaction.annotation.ProxyTransactionManagementConfiguration$$EnhancerBySpringCGLIB$$7b601a24] is not eligible for getting processed by all BeanPostProcessors (for example: not eligible for auto-proxying)
19-09-11.18:03:01.868 [main            ] INFO  PostProcessorRegistrationDelegate$BeanPostProcessorChecker  - Bean 'org.springframework.cloud.autoconfigure.ConfigurationPropertiesRebinderAutoConfiguration' of type [org.springframework.cloud.autoconfigure.ConfigurationPropertiesRebinderAutoConfiguration$$EnhancerBySpringCGLIB$$977a1d21] is not eligible for getting processed by all BeanPostProcessors (for example: not eligible for auto-proxying)
19-09-11.18:03:02.300 [main            ] WARN  GenericWebApplicationContext  - Exception encountered during context initialization - cancelling refresh attempt: org.springframework.beans.factory.BeanCreationException: Error creating bean with name 'deptServiceImpl': Injection of resource dependencies failed; nested exception is org.springframework.beans.factory.UnsatisfiedDependencyException: Error creating bean with name 'IDeptDAO' defined in file [/home/zhaomengyi/Projects/GitHubProj/SpringCloud/microcloud/microcloud-provider-dept-8001/target/classes/com/mikemyzhao/microcloud/dao/IDeptDAO.class]: Unsatisfied dependency expressed through bean property 'sqlSessionFactory'; nested exception is org.springframework.beans.factory.BeanCreationException: Error creating bean with name 'sqlSessionFactory' defined in class path resource [org/mybatis/spring/boot/autoconfigure/MybatisAutoConfiguration.class]: Bean instantiation via factory method failed; nested exception is org.springframework.beans.BeanInstantiationException: Failed to instantiate [org.apache.ibatis.session.SqlSessionFactory]: Factory method 'sqlSessionFactory' threw exception; nested exception is java.io.FileNotFoundException: class path resource [mybatis/mybatis.cfg.xml] cannot be opened because it does not exist
19-09-11.18:03:02.314 [main            ] INFO  ConditionEvaluationReportLoggingListener  - 

Error starting ApplicationContext. To display the conditions report re-run your application with 'debug' enabled.
19-09-11.18:03:02.325 [main            ] ERROR SpringApplication       - Application run failed
org.springframework.beans.factory.BeanCreationException: Error creating bean with name 'deptServiceImpl': Injection of resource dependencies failed; nested exception is org.springframework.beans.factory.UnsatisfiedDependencyException: Error creating bean with name 'IDeptDAO' defined in file [/home/zhaomengyi/Projects/GitHubProj/SpringCloud/microcloud/microcloud-provider-dept-8001/target/classes/com/mikemyzhao/microcloud/dao/IDeptDAO.class]: Unsatisfied dependency expressed through bean property 'sqlSessionFactory'; nested exception is org.springframework.beans.factory.BeanCreationException: Error creating bean with name 'sqlSessionFactory' defined in class path resource [org/mybatis/spring/boot/autoconfigure/MybatisAutoConfiguration.class]: Bean instantiation via factory method failed; nested exception is org.springframework.beans.BeanInstantiationException: Failed to instantiate [org.apache.ibatis.session.SqlSessionFactory]: Factory method 'sqlSessionFactory' threw exception; nested exception is java.io.FileNotFoundException: class path resource [mybatis/mybatis.cfg.xml] cannot be opened because it does not exist
	at org.springframework.context.annotation.CommonAnnotationBeanPostProcessor.postProcessProperties(CommonAnnotationBeanPostProcessor.java:324)
	at org.springframework.beans.factory.support.AbstractAutowireCapableBeanFactory.populateBean(AbstractAutowireCapableBeanFactory.java:1378)
	at org.springframework.beans.factory.support.AbstractAutowireCapableBeanFactory.doCreateBean(AbstractAutowireCapableBeanFactory.java:575)
	at org.springframework.beans.factory.support.AbstractAutowireCapableBeanFactory.createBean(AbstractAutowireCapableBeanFactory.java:498)
	at org.springframework.beans.factory.support.AbstractBeanFactory.lambda$doGetBean$0(AbstractBeanFactory.java:320)
	at org.springframework.beans.factory.support.DefaultSingletonBeanRegistry.getSingleton(DefaultSingletonBeanRegistry.java:222)
	at org.springframework.beans.factory.support.AbstractBeanFactory.doGetBean(AbstractBeanFactory.java:318)
	at org.springframework.beans.factory.support.AbstractBeanFactory.getBean(AbstractBeanFactory.java:199)
	at org.springframework.beans.factory.support.DefaultListableBeanFactory.preInstantiateSingletons(DefaultListableBeanFactory.java:846)
	at org.springframework.context.support.AbstractApplicationContext.finishBeanFactoryInitialization(AbstractApplicationContext.java:863)
	at org.springframework.context.support.AbstractApplicationContext.refresh(AbstractApplicationContext.java:546)
	at org.springframework.boot.SpringApplication.refresh(SpringApplication.java:775)
	at org.springframework.boot.SpringApplication.refreshContext(SpringApplication.java:397)
	at org.springframework.boot.SpringApplication.run(SpringApplication.java:316)
	at org.springframework.boot.test.context.SpringBootContextLoader.loadContext(SpringBootContextLoader.java:127)
	at org.springframework.test.context.cache.DefaultCacheAwareContextLoaderDelegate.loadContextInternal(DefaultCacheAwareContextLoaderDelegate.java:99)
	at org.springframework.test.context.cache.DefaultCacheAwareContextLoaderDelegate.loadContext(DefaultCacheAwareContextLoaderDelegate.java:117)
	at org.springframework.test.context.support.DefaultTestContext.getApplicationContext(DefaultTestContext.java:108)
	at org.springframework.test.context.web.ServletTestExecutionListener.setUpRequestContextIfNecessary(ServletTestExecutionListener.java:190)
	at org.springframework.test.context.web.ServletTestExecutionListener.prepareTestInstance(ServletTestExecutionListener.java:132)
	at org.springframework.test.context.TestContextManager.prepareTestInstance(TestContextManager.java:246)
	at org.springframework.test.context.junit4.SpringJUnit4ClassRunner.createTest(SpringJUnit4ClassRunner.java:227)
	at org.springframework.test.context.junit4.SpringJUnit4ClassRunner$1.runReflectiveCall(SpringJUnit4ClassRunner.java:289)
	at org.junit.internal.runners.model.ReflectiveCallable.run(ReflectiveCallable.java:12)
	at org.springframework.test.context.junit4.SpringJUnit4ClassRunner.methodBlock(SpringJUnit4ClassRunner.java:291)
	at org.springframework.test.context.junit4.SpringJUnit4ClassRunner.runChild(SpringJUnit4ClassRunner.java:246)
	at org.springframework.test.context.junit4.SpringJUnit4ClassRunner.runChild(SpringJUnit4ClassRunner.java:97)
	at org.junit.runners.ParentRunner$3.run(ParentRunner.java:290)
	at org.junit.runners.ParentRunner$1.schedule(ParentRunner.java:71)
	at org.junit.runners.ParentRunner.runChildren(ParentRunner.java:288)
	at org.junit.runners.ParentRunner.access$000(ParentRunner.java:58)
	at org.junit.runners.ParentRunner$2.evaluate(ParentRunner.java:268)
	at org.springframework.test.context.junit4.statements.RunBeforeTestClassCallbacks.evaluate(RunBeforeTestClassCallbacks.java:61)
	at org.springframework.test.context.junit4.statements.RunAfterTestClassCallbacks.evaluate(RunAfterTestClassCallbacks.java:70)
	at org.junit.runners.ParentRunner.run(ParentRunner.java:363)
	at org.springframework.test.context.junit4.SpringJUnit4ClassRunner.run(SpringJUnit4ClassRunner.java:190)
	at org.junit.runner.JUnitCore.run(JUnitCore.java:137)
	at com.intellij.junit4.JUnit4IdeaTestRunner.startRunnerWithArgs(JUnit4IdeaTestRunner.java:68)
	at com.intellij.rt.execution.junit.IdeaTestRunner$Repeater.startRunnerWithArgs(IdeaTestRunner.java:47)
	at com.intellij.rt.execution.junit.JUnitStarter.prepareStreamsAndStart(JUnitStarter.java:242)
	at com.intellij.rt.execution.junit.JUnitStarter.main(JUnitStarter.java:70)
Caused by: org.springframework.beans.factory.UnsatisfiedDependencyException: Error creating bean with name 'IDeptDAO' defined in file [/home/zhaomengyi/Projects/GitHubProj/SpringCloud/microcloud/microcloud-provider-dept-8001/target/classes/com/mikemyzhao/microcloud/dao/IDeptDAO.class]: Unsatisfied dependency expressed through bean property 'sqlSessionFactory'; nested exception is org.springframework.beans.factory.BeanCreationException: Error creating bean with name 'sqlSessionFactory' defined in class path resource [org/mybatis/spring/boot/autoconfigure/MybatisAutoConfiguration.class]: Bean instantiation via factory method failed; nested exception is org.springframework.beans.BeanInstantiationException: Failed to instantiate [org.apache.ibatis.session.SqlSessionFactory]: Factory method 'sqlSessionFactory' threw exception; nested exception is java.io.FileNotFoundException: class path resource [mybatis/mybatis.cfg.xml] cannot be opened because it does not exist
	at org.springframework.beans.factory.support.AbstractAutowireCapableBeanFactory.autowireByType(AbstractAutowireCapableBeanFactory.java:1482)
	at org.springframework.beans.factory.support.AbstractAutowireCapableBeanFactory.populateBean(AbstractAutowireCapableBeanFactory.java:1362)
	at org.springframework.beans.factory.support.AbstractAutowireCapableBeanFactory.doCreateBean(AbstractAutowireCapableBeanFactory.java:575)
	at org.springframework.beans.factory.support.AbstractAutowireCapableBeanFactory.createBean(AbstractAutowireCapableBeanFactory.java:498)
	at org.springframework.beans.factory.support.AbstractBeanFactory.lambda$doGetBean$0(AbstractBeanFactory.java:320)
	at org.springframework.beans.factory.support.DefaultSingletonBeanRegistry.getSingleton(DefaultSingletonBeanRegistry.java:222)
	at org.springframework.beans.factory.support.AbstractBeanFactory.doGetBean(AbstractBeanFactory.java:318)
	at org.springframework.beans.factory.support.AbstractBeanFactory.getBean(AbstractBeanFactory.java:199)
	at org.springframework.beans.factory.config.DependencyDescriptor.resolveCandidate(DependencyDescriptor.java:273)
	at org.springframework.beans.factory.support.DefaultListableBeanFactory.doResolveDependency(DefaultListableBeanFactory.java:1239)
	at org.springframework.beans.factory.support.DefaultListableBeanFactory.resolveDependency(DefaultListableBeanFactory.java:1166)
	at org.springframework.context.annotation.CommonAnnotationBeanPostProcessor.autowireResource(CommonAnnotationBeanPostProcessor.java:518)
	at org.springframework.context.annotation.CommonAnnotationBeanPostProcessor.getResource(CommonAnnotationBeanPostProcessor.java:496)
	at org.springframework.context.annotation.CommonAnnotationBeanPostProcessor$ResourceElement.getResourceToInject(CommonAnnotationBeanPostProcessor.java:630)
	at org.springframework.beans.factory.annotation.InjectionMetadata$InjectedElement.inject(InjectionMetadata.java:180)
	at org.springframework.beans.factory.annotation.InjectionMetadata.inject(InjectionMetadata.java:90)
	at org.springframework.context.annotation.CommonAnnotationBeanPostProcessor.postProcessProperties(CommonAnnotationBeanPostProcessor.java:321)
	... 40 common frames omitted
Caused by: org.springframework.beans.factory.BeanCreationException: Error creating bean with name 'sqlSessionFactory' defined in class path resource [org/mybatis/spring/boot/autoconfigure/MybatisAutoConfiguration.class]: Bean instantiation via factory method failed; nested exception is org.springframework.beans.BeanInstantiationException: Failed to instantiate [org.apache.ibatis.session.SqlSessionFactory]: Factory method 'sqlSessionFactory' threw exception; nested exception is java.io.FileNotFoundException: class path resource [mybatis/mybatis.cfg.xml] cannot be opened because it does not exist
	at org.springframework.beans.factory.support.ConstructorResolver.instantiate(ConstructorResolver.java:625)
	at org.springframework.beans.factory.support.ConstructorResolver.instantiateUsingFactoryMethod(ConstructorResolver.java:605)
	at org.springframework.beans.factory.support.AbstractAutowireCapableBeanFactory.instantiateUsingFactoryMethod(AbstractAutowireCapableBeanFactory.java:1288)
	at org.springframework.beans.factory.support.AbstractAutowireCapableBeanFactory.createBeanInstance(AbstractAutowireCapableBeanFactory.java:1127)
	at org.springframework.beans.factory.support.AbstractAutowireCapableBeanFactory.doCreateBean(AbstractAutowireCapableBeanFactory.java:538)
	at org.springframework.beans.factory.support.AbstractAutowireCapableBeanFactory.createBean(AbstractAutowireCapableBeanFactory.java:498)
	at org.springframework.beans.factory.support.AbstractBeanFactory.lambda$doGetBean$0(AbstractBeanFactory.java:320)
	at org.springframework.beans.factory.support.DefaultSingletonBeanRegistry.getSingleton(DefaultSingletonBeanRegistry.java:222)
	at org.springframework.beans.factory.support.AbstractBeanFactory.doGetBean(AbstractBeanFactory.java:318)
	at org.springframework.beans.factory.support.AbstractBeanFactory.getBean(AbstractBeanFactory.java:199)
	at org.springframework.beans.factory.config.DependencyDescriptor.resolveCandidate(DependencyDescriptor.java:273)
	at org.springframework.beans.factory.support.DefaultListableBeanFactory.doResolveDependency(DefaultListableBeanFactory.java:1239)
	at org.springframework.beans.factory.support.DefaultListableBeanFactory.resolveDependency(DefaultListableBeanFactory.java:1166)
	at org.springframework.beans.factory.support.AbstractAutowireCapableBeanFactory.autowireByType(AbstractAutowireCapableBeanFactory.java:1467)
	... 56 common frames omitted
Caused by: org.springframework.beans.BeanInstantiationException: Failed to instantiate [org.apache.ibatis.session.SqlSessionFactory]: Factory method 'sqlSessionFactory' threw exception; nested exception is java.io.FileNotFoundException: class path resource [mybatis/mybatis.cfg.xml] cannot be opened because it does not exist
	at org.springframework.beans.factory.support.SimpleInstantiationStrategy.instantiate(SimpleInstantiationStrategy.java:185)
	at org.springframework.beans.factory.support.ConstructorResolver.instantiate(ConstructorResolver.java:620)
	... 69 common frames omitted
Caused by: java.io.FileNotFoundException: class path resource [mybatis/mybatis.cfg.xml] cannot be opened because it does not exist
	at org.springframework.core.io.ClassPathResource.getInputStream(ClassPathResource.java:180)
	at org.mybatis.spring.SqlSessionFactoryBean.buildSqlSessionFactory(SqlSessionFactoryBean.java:406)
	at org.mybatis.spring.SqlSessionFactoryBean.afterPropertiesSet(SqlSessionFactoryBean.java:380)
	at org.mybatis.spring.SqlSessionFactoryBean.getObject(SqlSessionFactoryBean.java:547)
	at org.mybatis.spring.boot.autoconfigure.MybatisAutoConfiguration.sqlSessionFactory(MybatisAutoConfiguration.java:153)
	at org.mybatis.spring.boot.autoconfigure.MybatisAutoConfiguration$$EnhancerBySpringCGLIB$$ae346b54.CGLIB$sqlSessionFactory$0(<generated>)
	at org.mybatis.spring.boot.autoconfigure.MybatisAutoConfiguration$$EnhancerBySpringCGLIB$$ae346b54$$FastClassBySpringCGLIB$$641087be.invoke(<generated>)
	at org.springframework.cglib.proxy.MethodProxy.invokeSuper(MethodProxy.java:244)
	at org.springframework.context.annotation.ConfigurationClassEnhancer$BeanMethodInterceptor.intercept(ConfigurationClassEnhancer.java:363)
	at org.mybatis.spring.boot.autoconfigure.MybatisAutoConfiguration$$EnhancerBySpringCGLIB$$ae346b54.sqlSessionFactory(<generated>)
	at sun.reflect.NativeMethodAccessorImpl.invoke0(Native Method)
	at sun.reflect.NativeMethodAccessorImpl.invoke(NativeMethodAccessorImpl.java:62)
	at sun.reflect.DelegatingMethodAccessorImpl.invoke(DelegatingMethodAccessorImpl.java:43)
	at java.lang.reflect.Method.invoke(Method.java:498)
	at org.springframework.beans.factory.support.SimpleInstantiationStrategy.instantiate(SimpleInstantiationStrategy.java:154)
	... 70 common frames omitted
19-09-11.18:03:02.333 [main            ] ERROR TestContextManager      - Caught exception while allowing TestExecutionListener [org.springframework.test.context.web.ServletTestExecutionListener@31f9b85e] to prepare test instance [IDeptServiceTest@65a5d4f9]
java.lang.IllegalStateException: Failed to load ApplicationContext
	at org.springframework.test.context.cache.DefaultCacheAwareContextLoaderDelegate.loadContext(DefaultCacheAwareContextLoaderDelegate.java:125)
	at org.springframework.test.context.support.DefaultTestContext.getApplicationContext(DefaultTestContext.java:108)
	at org.springframework.test.context.web.ServletTestExecutionListener.setUpRequestContextIfNecessary(ServletTestExecutionListener.java:190)
	at org.springframework.test.context.web.ServletTestExecutionListener.prepareTestInstance(ServletTestExecutionListener.java:132)
	at org.springframework.test.context.TestContextManager.prepareTestInstance(TestContextManager.java:246)
	at org.springframework.test.context.junit4.SpringJUnit4ClassRunner.createTest(SpringJUnit4ClassRunner.java:227)
	at org.springframework.test.context.junit4.SpringJUnit4ClassRunner$1.runReflectiveCall(SpringJUnit4ClassRunner.java:289)
	at org.junit.internal.runners.model.ReflectiveCallable.run(ReflectiveCallable.java:12)
	at org.springframework.test.context.junit4.SpringJUnit4ClassRunner.methodBlock(SpringJUnit4ClassRunner.java:291)
	at org.springframework.test.context.junit4.SpringJUnit4ClassRunner.runChild(SpringJUnit4ClassRunner.java:246)
	at org.springframework.test.context.junit4.SpringJUnit4ClassRunner.runChild(SpringJUnit4ClassRunner.java:97)
	at org.junit.runners.ParentRunner$3.run(ParentRunner.java:290)
	at org.junit.runners.ParentRunner$1.schedule(ParentRunner.java:71)
	at org.junit.runners.ParentRunner.runChildren(ParentRunner.java:288)
	at org.junit.runners.ParentRunner.access$000(ParentRunner.java:58)
	at org.junit.runners.ParentRunner$2.evaluate(ParentRunner.java:268)
	at org.springframework.test.context.junit4.statements.RunBeforeTestClassCallbacks.evaluate(RunBeforeTestClassCallbacks.java:61)
	at org.springframework.test.context.junit4.statements.RunAfterTestClassCallbacks.evaluate(RunAfterTestClassCallbacks.java:70)
	at org.junit.runners.ParentRunner.run(ParentRunner.java:363)
	at org.springframework.test.context.junit4.SpringJUnit4ClassRunner.run(SpringJUnit4ClassRunner.java:190)
	at org.junit.runner.JUnitCore.run(JUnitCore.java:137)
	at com.intellij.junit4.JUnit4IdeaTestRunner.startRunnerWithArgs(JUnit4IdeaTestRunner.java:68)
	at com.intellij.rt.execution.junit.IdeaTestRunner$Repeater.startRunnerWithArgs(IdeaTestRunner.java:47)
	at com.intellij.rt.execution.junit.JUnitStarter.prepareStreamsAndStart(JUnitStarter.java:242)
	at com.intellij.rt.execution.junit.JUnitStarter.main(JUnitStarter.java:70)
Caused by: org.springframework.beans.factory.BeanCreationException: Error creating bean with name 'deptServiceImpl': Injection of resource dependencies failed; nested exception is org.springframework.beans.factory.UnsatisfiedDependencyException: Error creating bean with name 'IDeptDAO' defined in file [/home/zhaomengyi/Projects/GitHubProj/SpringCloud/microcloud/microcloud-provider-dept-8001/target/classes/com/mikemyzhao/microcloud/dao/IDeptDAO.class]: Unsatisfied dependency expressed through bean property 'sqlSessionFactory'; nested exception is org.springframework.beans.factory.BeanCreationException: Error creating bean with name 'sqlSessionFactory' defined in class path resource [org/mybatis/spring/boot/autoconfigure/MybatisAutoConfiguration.class]: Bean instantiation via factory method failed; nested exception is org.springframework.beans.BeanInstantiationException: Failed to instantiate [org.apache.ibatis.session.SqlSessionFactory]: Factory method 'sqlSessionFactory' threw exception; nested exception is java.io.FileNotFoundException: class path resource [mybatis/mybatis.cfg.xml] cannot be opened because it does not exist
	at org.springframework.context.annotation.CommonAnnotationBeanPostProcessor.postProcessProperties(CommonAnnotationBeanPostProcessor.java:324)
	at org.springframework.beans.factory.support.AbstractAutowireCapableBeanFactory.populateBean(AbstractAutowireCapableBeanFactory.java:1378)
	at org.springframework.beans.factory.support.AbstractAutowireCapableBeanFactory.doCreateBean(AbstractAutowireCapableBeanFactory.java:575)
	at org.springframework.beans.factory.support.AbstractAutowireCapableBeanFactory.createBean(AbstractAutowireCapableBeanFactory.java:498)
	at org.springframework.beans.factory.support.AbstractBeanFactory.lambda$doGetBean$0(AbstractBeanFactory.java:320)
	at org.springframework.beans.factory.support.DefaultSingletonBeanRegistry.getSingleton(DefaultSingletonBeanRegistry.java:222)
	at org.springframework.beans.factory.support.AbstractBeanFactory.doGetBean(AbstractBeanFactory.java:318)
	at org.springframework.beans.factory.support.AbstractBeanFactory.getBean(AbstractBeanFactory.java:199)
	at org.springframework.beans.factory.support.DefaultListableBeanFactory.preInstantiateSingletons(DefaultListableBeanFactory.java:846)
	at org.springframework.context.support.AbstractApplicationContext.finishBeanFactoryInitialization(AbstractApplicationContext.java:863)
	at org.springframework.context.support.AbstractApplicationContext.refresh(AbstractApplicationContext.java:546)
	at org.springframework.boot.SpringApplication.refresh(SpringApplication.java:775)
	at org.springframework.boot.SpringApplication.refreshContext(SpringApplication.java:397)
	at org.springframework.boot.SpringApplication.run(SpringApplication.java:316)
	at org.springframework.boot.test.context.SpringBootContextLoader.loadContext(SpringBootContextLoader.java:127)
	at org.springframework.test.context.cache.DefaultCacheAwareContextLoaderDelegate.loadContextInternal(DefaultCacheAwareContextLoaderDelegate.java:99)
	at org.springframework.test.context.cache.DefaultCacheAwareContextLoaderDelegate.loadContext(DefaultCacheAwareContextLoaderDelegate.java:117)
	... 24 common frames omitted
Caused by: org.springframework.beans.factory.UnsatisfiedDependencyException: Error creating bean with name 'IDeptDAO' defined in file [/home/zhaomengyi/Projects/GitHubProj/SpringCloud/microcloud/microcloud-provider-dept-8001/target/classes/com/mikemyzhao/microcloud/dao/IDeptDAO.class]: Unsatisfied dependency expressed through bean property 'sqlSessionFactory'; nested exception is org.springframework.beans.factory.BeanCreationException: Error creating bean with name 'sqlSessionFactory' defined in class path resource [org/mybatis/spring/boot/autoconfigure/MybatisAutoConfiguration.class]: Bean instantiation via factory method failed; nested exception is org.springframework.beans.BeanInstantiationException: Failed to instantiate [org.apache.ibatis.session.SqlSessionFactory]: Factory method 'sqlSessionFactory' threw exception; nested exception is java.io.FileNotFoundException: class path resource [mybatis/mybatis.cfg.xml] cannot be opened because it does not exist
	at org.springframework.beans.factory.support.AbstractAutowireCapableBeanFactory.autowireByType(AbstractAutowireCapableBeanFactory.java:1482)
	at org.springframework.beans.factory.support.AbstractAutowireCapableBeanFactory.populateBean(AbstractAutowireCapableBeanFactory.java:1362)
	at org.springframework.beans.factory.support.AbstractAutowireCapableBeanFactory.doCreateBean(AbstractAutowireCapableBeanFactory.java:575)
	at org.springframework.beans.factory.support.AbstractAutowireCapableBeanFactory.createBean(AbstractAutowireCapableBeanFactory.java:498)
	at org.springframework.beans.factory.support.AbstractBeanFactory.lambda$doGetBean$0(AbstractBeanFactory.java:320)
	at org.springframework.beans.factory.support.DefaultSingletonBeanRegistry.getSingleton(DefaultSingletonBeanRegistry.java:222)
	at org.springframework.beans.factory.support.AbstractBeanFactory.doGetBean(AbstractBeanFactory.java:318)
	at org.springframework.beans.factory.support.AbstractBeanFactory.getBean(AbstractBeanFactory.java:199)
	at org.springframework.beans.factory.config.DependencyDescriptor.resolveCandidate(DependencyDescriptor.java:273)
	at org.springframework.beans.factory.support.DefaultListableBeanFactory.doResolveDependency(DefaultListableBeanFactory.java:1239)
	at org.springframework.beans.factory.support.DefaultListableBeanFactory.resolveDependency(DefaultListableBeanFactory.java:1166)
	at org.springframework.context.annotation.CommonAnnotationBeanPostProcessor.autowireResource(CommonAnnotationBeanPostProcessor.java:518)
	at org.springframework.context.annotation.CommonAnnotationBeanPostProcessor.getResource(CommonAnnotationBeanPostProcessor.java:496)
	at org.springframework.context.annotation.CommonAnnotationBeanPostProcessor$ResourceElement.getResourceToInject(CommonAnnotationBeanPostProcessor.java:630)
	at org.springframework.beans.factory.annotation.InjectionMetadata$InjectedElement.inject(InjectionMetadata.java:180)
	at org.springframework.beans.factory.annotation.InjectionMetadata.inject(InjectionMetadata.java:90)
	at org.springframework.context.annotation.CommonAnnotationBeanPostProcessor.postProcessProperties(CommonAnnotationBeanPostProcessor.java:321)
	... 40 common frames omitted
Caused by: org.springframework.beans.factory.BeanCreationException: Error creating bean with name 'sqlSessionFactory' defined in class path resource [org/mybatis/spring/boot/autoconfigure/MybatisAutoConfiguration.class]: Bean instantiation via factory method failed; nested exception is org.springframework.beans.BeanInstantiationException: Failed to instantiate [org.apache.ibatis.session.SqlSessionFactory]: Factory method 'sqlSessionFactory' threw exception; nested exception is java.io.FileNotFoundException: class path resource [mybatis/mybatis.cfg.xml] cannot be opened because it does not exist
	at org.springframework.beans.factory.support.ConstructorResolver.instantiate(ConstructorResolver.java:625)
	at org.springframework.beans.factory.support.ConstructorResolver.instantiateUsingFactoryMethod(ConstructorResolver.java:605)
	at org.springframework.beans.factory.support.AbstractAutowireCapableBeanFactory.instantiateUsingFactoryMethod(AbstractAutowireCapableBeanFactory.java:1288)
	at org.springframework.beans.factory.support.AbstractAutowireCapableBeanFactory.createBeanInstance(AbstractAutowireCapableBeanFactory.java:1127)
	at org.springframework.beans.factory.support.AbstractAutowireCapableBeanFactory.doCreateBean(AbstractAutowireCapableBeanFactory.java:538)
	at org.springframework.beans.factory.support.AbstractAutowireCapableBeanFactory.createBean(AbstractAutowireCapableBeanFactory.java:498)
	at org.springframework.beans.factory.support.AbstractBeanFactory.lambda$doGetBean$0(AbstractBeanFactory.java:320)
	at org.springframework.beans.factory.support.DefaultSingletonBeanRegistry.getSingleton(DefaultSingletonBeanRegistry.java:222)
	at org.springframework.beans.factory.support.AbstractBeanFactory.doGetBean(AbstractBeanFactory.java:318)
	at org.springframework.beans.factory.support.AbstractBeanFactory.getBean(AbstractBeanFactory.java:199)
	at org.springframework.beans.factory.config.DependencyDescriptor.resolveCandidate(DependencyDescriptor.java:273)
	at org.springframework.beans.factory.support.DefaultListableBeanFactory.doResolveDependency(DefaultListableBeanFactory.java:1239)
	at org.springframework.beans.factory.support.DefaultListableBeanFactory.resolveDependency(DefaultListableBeanFactory.java:1166)
	at org.springframework.beans.factory.support.AbstractAutowireCapableBeanFactory.autowireByType(AbstractAutowireCapableBeanFactory.java:1467)
	... 56 common frames omitted
Caused by: org.springframework.beans.BeanInstantiationException: Failed to instantiate [org.apache.ibatis.session.SqlSessionFactory]: Factory method 'sqlSessionFactory' threw exception; nested exception is java.io.FileNotFoundException: class path resource [mybatis/mybatis.cfg.xml] cannot be opened because it does not exist
	at org.springframework.beans.factory.support.SimpleInstantiationStrategy.instantiate(SimpleInstantiationStrategy.java:185)
	at org.springframework.beans.factory.support.ConstructorResolver.instantiate(ConstructorResolver.java:620)
	... 69 common frames omitted
Caused by: java.io.FileNotFoundException: class path resource [mybatis/mybatis.cfg.xml] cannot be opened because it does not exist
	at org.springframework.core.io.ClassPathResource.getInputStream(ClassPathResource.java:180)
	at org.mybatis.spring.SqlSessionFactoryBean.buildSqlSessionFactory(SqlSessionFactoryBean.java:406)
	at org.mybatis.spring.SqlSessionFactoryBean.afterPropertiesSet(SqlSessionFactoryBean.java:380)
	at org.mybatis.spring.SqlSessionFactoryBean.getObject(SqlSessionFactoryBean.java:547)
	at org.mybatis.spring.boot.autoconfigure.MybatisAutoConfiguration.sqlSessionFactory(MybatisAutoConfiguration.java:153)
	at org.mybatis.spring.boot.autoconfigure.MybatisAutoConfiguration$$EnhancerBySpringCGLIB$$ae346b54.CGLIB$sqlSessionFactory$0(<generated>)
	at org.mybatis.spring.boot.autoconfigure.MybatisAutoConfiguration$$EnhancerBySpringCGLIB$$ae346b54$$FastClassBySpringCGLIB$$641087be.invoke(<generated>)
	at org.springframework.cglib.proxy.MethodProxy.invokeSuper(MethodProxy.java:244)
	at org.springframework.context.annotation.ConfigurationClassEnhancer$BeanMethodInterceptor.intercept(ConfigurationClassEnhancer.java:363)
	at org.mybatis.spring.boot.autoconfigure.MybatisAutoConfiguration$$EnhancerBySpringCGLIB$$ae346b54.sqlSessionFactory(<generated>)
	at sun.reflect.NativeMethodAccessorImpl.invoke0(Native Method)
	at sun.reflect.NativeMethodAccessorImpl.invoke(NativeMethodAccessorImpl.java:62)
	at sun.reflect.DelegatingMethodAccessorImpl.invoke(DelegatingMethodAccessorImpl.java:43)
	at java.lang.reflect.Method.invoke(Method.java:498)
	at org.springframework.beans.factory.support.SimpleInstantiationStrategy.instantiate(SimpleInstantiationStrategy.java:154)
	... 70 common frames omitted
19-09-11.18:04:38.923 [main            ] INFO  SpringBootTestContextBootstrapper  - Neither @ContextConfiguration nor @ContextHierarchy found for test class [IDeptServiceTest], using SpringBootContextLoader
19-09-11.18:04:38.948 [main            ] INFO  AbstractContextLoader   - Could not detect default resource locations for test class [IDeptServiceTest]: no resource found for suffixes {-context.xml, Context.groovy}.
19-09-11.18:04:39.315 [main            ] INFO  SpringBootTestContextBootstrapper  - Loaded default TestExecutionListener class names from location [META-INF/spring.factories]: [org.springframework.boot.test.mock.mockito.MockitoTestExecutionListener, org.springframework.boot.test.mock.mockito.ResetMocksTestExecutionListener, org.springframework.boot.test.autoconfigure.restdocs.RestDocsTestExecutionListener, org.springframework.boot.test.autoconfigure.web.client.MockRestServiceServerResetTestExecutionListener, org.springframework.boot.test.autoconfigure.web.servlet.MockMvcPrintOnlyOnFailureTestExecutionListener, org.springframework.boot.test.autoconfigure.web.servlet.WebDriverTestExecutionListener, org.springframework.test.context.web.ServletTestExecutionListener, org.springframework.test.context.support.DirtiesContextBeforeModesTestExecutionListener, org.springframework.test.context.support.DependencyInjectionTestExecutionListener, org.springframework.test.context.support.DirtiesContextTestExecutionListener, org.springframework.test.context.transaction.TransactionalTestExecutionListener, org.springframework.test.context.jdbc.SqlScriptsTestExecutionListener]
19-09-11.18:04:39.371 [main            ] INFO  SpringBootTestContextBootstrapper  - Using TestExecutionListeners: [org.springframework.test.context.web.ServletTestExecutionListener@31f9b85e, org.springframework.test.context.support.DirtiesContextBeforeModesTestExecutionListener@424e1977, org.springframework.boot.test.mock.mockito.MockitoTestExecutionListener@10d68fcd, org.springframework.boot.test.autoconfigure.SpringBootDependencyInjectionTestExecutionListener@117e949d, org.springframework.test.context.support.DirtiesContextTestExecutionListener@6db9f5a4, org.springframework.test.context.transaction.TransactionalTestExecutionListener@5f8edcc5, org.springframework.test.context.jdbc.SqlScriptsTestExecutionListener@7b02881e, org.springframework.boot.test.mock.mockito.ResetMocksTestExecutionListener@1ebd319f, org.springframework.boot.test.autoconfigure.restdocs.RestDocsTestExecutionListener@3c0be339, org.springframework.boot.test.autoconfigure.web.client.MockRestServiceServerResetTestExecutionListener@15ca7889, org.springframework.boot.test.autoconfigure.web.servlet.MockMvcPrintOnlyOnFailureTestExecutionListener@7a675056, org.springframework.boot.test.autoconfigure.web.servlet.WebDriverTestExecutionListener@d21a74c]
19-09-11.18:04:41.465 [main            ] INFO  PostProcessorRegistrationDelegate$BeanPostProcessorChecker  - Bean 'org.springframework.cloud.autoconfigure.ConfigurationPropertiesRebinderAutoConfiguration' of type [org.springframework.cloud.autoconfigure.ConfigurationPropertiesRebinderAutoConfiguration$$EnhancerBySpringCGLIB$$3e205747] is not eligible for getting processed by all BeanPostProcessors (for example: not eligible for auto-proxying)
19-09-11.18:04:41.889 [main            ] INFO  IDeptServiceTest        - No active profile set, falling back to default profiles: default
19-09-11.18:04:43.078 [main            ] INFO  GenericScope            - BeanFactory id=2cef0522-e27a-307e-bf17-34cdc47075cc
19-09-11.18:04:43.283 [main            ] INFO  PostProcessorRegistrationDelegate$BeanPostProcessorChecker  - Bean 'org.springframework.transaction.annotation.ProxyTransactionManagementConfiguration' of type [org.springframework.transaction.annotation.ProxyTransactionManagementConfiguration$$EnhancerBySpringCGLIB$$2206544a] is not eligible for getting processed by all BeanPostProcessors (for example: not eligible for auto-proxying)
19-09-11.18:04:43.340 [main            ] INFO  PostProcessorRegistrationDelegate$BeanPostProcessorChecker  - Bean 'org.springframework.cloud.autoconfigure.ConfigurationPropertiesRebinderAutoConfiguration' of type [org.springframework.cloud.autoconfigure.ConfigurationPropertiesRebinderAutoConfiguration$$EnhancerBySpringCGLIB$$3e205747] is not eligible for getting processed by all BeanPostProcessors (for example: not eligible for auto-proxying)
19-09-11.18:04:46.270 [main            ] INFO  ThreadPoolTaskExecutor  - Initializing ExecutorService 'applicationTaskExecutor'
19-09-11.18:04:47.866 [main            ] ERROR DruidDataSource         - testWhileIdle is true, validationQuery not set
19-09-11.18:04:47.877 [main            ] INFO  DruidDataSource         - {dataSource-1} inited
19-09-11.18:04:51.248 [main            ] INFO  IDeptServiceTest        - Started IDeptServiceTest in 11.695 seconds (JVM running for 13.552)
19-09-11.18:04:51.736 [main            ] DEBUG findById                - ==>  Preparing: SELECT deptno,dname,loc FROM dept WHERE deptno=? ; 
19-09-11.18:04:51.767 [main            ] DEBUG findById                - ==> Parameters: 1(Long)
19-09-11.18:04:51.787 [main            ] TRACE findById                - <==    Columns: deptno, dname, loc
19-09-11.18:04:51.787 [main            ] TRACE findById                - <==        Row: 1, 开发部, ssm
19-09-11.18:04:51.792 [main            ] DEBUG findById                - <==      Total: 1
19-09-11.18:04:51.809 [Thread-7        ] INFO  ThreadPoolTaskExecutor  - Shutting down ExecutorService 'applicationTaskExecutor'
19-09-11.18:04:51.820 [Thread-7        ] INFO  DruidDataSource         - {dataSource-1} closed
19-09-11.18:13:29.534 [main            ] INFO  SpringBootTestContextBootstrapper  - Neither @ContextConfiguration nor @ContextHierarchy found for test class [IDeptServiceTest], using SpringBootContextLoader
19-09-11.18:13:29.546 [main            ] INFO  AbstractContextLoader   - Could not detect default resource locations for test class [IDeptServiceTest]: no resource found for suffixes {-context.xml, Context.groovy}.
19-09-11.18:13:29.868 [main            ] INFO  SpringBootTestContextBootstrapper  - Loaded default TestExecutionListener class names from location [META-INF/spring.factories]: [org.springframework.boot.test.mock.mockito.MockitoTestExecutionListener, org.springframework.boot.test.mock.mockito.ResetMocksTestExecutionListener, org.springframework.boot.test.autoconfigure.restdocs.RestDocsTestExecutionListener, org.springframework.boot.test.autoconfigure.web.client.MockRestServiceServerResetTestExecutionListener, org.springframework.boot.test.autoconfigure.web.servlet.MockMvcPrintOnlyOnFailureTestExecutionListener, org.springframework.boot.test.autoconfigure.web.servlet.WebDriverTestExecutionListener, org.springframework.test.context.web.ServletTestExecutionListener, org.springframework.test.context.support.DirtiesContextBeforeModesTestExecutionListener, org.springframework.test.context.support.DependencyInjectionTestExecutionListener, org.springframework.test.context.support.DirtiesContextTestExecutionListener, org.springframework.test.context.transaction.TransactionalTestExecutionListener, org.springframework.test.context.jdbc.SqlScriptsTestExecutionListener]
19-09-11.18:13:29.951 [main            ] INFO  SpringBootTestContextBootstrapper  - Using TestExecutionListeners: [org.springframework.test.context.web.ServletTestExecutionListener@14ec4505, org.springframework.test.context.support.DirtiesContextBeforeModesTestExecutionListener@53ca01a2, org.springframework.boot.test.autoconfigure.SpringBootDependencyInjectionTestExecutionListener@358c99f5, org.springframework.test.context.support.DirtiesContextTestExecutionListener@3ee0fea4, org.springframework.test.context.transaction.TransactionalTestExecutionListener@48524010, org.springframework.test.context.jdbc.SqlScriptsTestExecutionListener@4b168fa9, org.springframework.boot.test.autoconfigure.web.servlet.WebDriverTestExecutionListener@1a84f40f, org.springframework.boot.test.mock.mockito.MockitoTestExecutionListener@23282c25, org.springframework.boot.test.autoconfigure.restdocs.RestDocsTestExecutionListener@7920ba90, org.springframework.boot.test.autoconfigure.web.servlet.MockMvcPrintOnlyOnFailureTestExecutionListener@6b419da, org.springframework.boot.test.autoconfigure.web.client.MockRestServiceServerResetTestExecutionListener@3b2da18f, org.springframework.boot.test.mock.mockito.ResetMocksTestExecutionListener@5906ebcb]
19-09-11.18:13:31.372 [main            ] INFO  IDeptServiceTest        - Starting IDeptServiceTest on mike-pc with PID 16048 (started by zhaomengyi in /home/zhaomengyi/Projects/GitHubProj/SpringCloud/microcloud/microcloud-provider-dept-8001)
19-09-11.18:13:31.373 [main            ] INFO  IDeptServiceTest        - No active profile set, falling back to default profiles: default
19-09-11.18:13:31.456 [main            ] INFO  GenericWebApplicationContext  - Refreshing org.springframework.web.context.support.GenericWebApplicationContext@5386659f: startup date [Wed Sep 11 18:13:31 CST 2019]; root of context hierarchy
19-09-11.18:13:32.083 [background-preinit] INFO  Version                 - HV000001: Hibernate Validator 5.3.5.Final
19-09-11.18:13:35.498 [main            ] INFO  RequestMappingHandlerAdapter  - Looking for @ControllerAdvice: org.springframework.web.context.support.GenericWebApplicationContext@5386659f: startup date [Wed Sep 11 18:13:31 CST 2019]; root of context hierarchy
19-09-11.18:13:35.753 [main            ] INFO  RequestMappingHandlerMapping  - Mapped "{[/error],produces=[text/html]}" onto public org.springframework.web.servlet.ModelAndView org.springframework.boot.autoconfigure.web.BasicErrorController.errorHtml(javax.servlet.http.HttpServletRequest,javax.servlet.http.HttpServletResponse)
19-09-11.18:13:35.755 [main            ] INFO  RequestMappingHandlerMapping  - Mapped "{[/error]}" onto public org.springframework.http.ResponseEntity<java.util.Map<java.lang.String, java.lang.Object>> org.springframework.boot.autoconfigure.web.BasicErrorController.error(javax.servlet.http.HttpServletRequest)
19-09-11.18:13:35.808 [main            ] INFO  SimpleUrlHandlerMapping  - Mapped URL path [/webjars/**] onto handler of type [class org.springframework.web.servlet.resource.ResourceHttpRequestHandler]
19-09-11.18:13:35.808 [main            ] INFO  SimpleUrlHandlerMapping  - Mapped URL path [/**] onto handler of type [class org.springframework.web.servlet.resource.ResourceHttpRequestHandler]
19-09-11.18:13:35.877 [main            ] INFO  SimpleUrlHandlerMapping  - Mapped URL path [/**/favicon.ico] onto handler of type [class org.springframework.web.servlet.resource.ResourceHttpRequestHandler]
19-09-11.18:13:36.360 [main            ] INFO  IDeptServiceTest        - Started IDeptServiceTest in 5.996 seconds (JVM running for 8.951)
19-09-11.18:13:36.557 [main            ] ERROR DruidDataSource         - testWhileIdle is true, validationQuery not set
19-09-11.18:13:36.586 [main            ] INFO  DruidDataSource         - {dataSource-1} inited
19-09-11.18:13:36.977 [main            ] DEBUG doCreate                - ==>  Preparing: INSERT INTO dept(dname,loc) VALUES (?,database()) ; 
19-09-11.18:13:37.014 [main            ] DEBUG doCreate                - ==> Parameters: 保洁部(String)
19-09-11.18:13:37.112 [main            ] DEBUG doCreate                - <==    Updates: 1
19-09-11.18:13:37.123 [Thread-3        ] INFO  GenericWebApplicationContext  - Closing org.springframework.web.context.support.GenericWebApplicationContext@5386659f: startup date [Wed Sep 11 18:13:31 CST 2019]; root of context hierarchy
19-09-11.18:13:37.133 [Thread-3        ] INFO  DruidDataSource         - {dataSource-1} closed
19-09-11.18:19:41.240 [main            ] INFO  SpringBootTestContextBootstrapper  - Neither @ContextConfiguration nor @ContextHierarchy found for test class [IDeptServiceTest], using SpringBootContextLoader
19-09-11.18:19:41.256 [main            ] INFO  AbstractContextLoader   - Could not detect default resource locations for test class [IDeptServiceTest]: no resource found for suffixes {-context.xml, Context.groovy}.
19-09-11.18:19:41.495 [main            ] INFO  SpringBootTestContextBootstrapper  - Loaded default TestExecutionListener class names from location [META-INF/spring.factories]: [org.springframework.boot.test.mock.mockito.MockitoTestExecutionListener, org.springframework.boot.test.mock.mockito.ResetMocksTestExecutionListener, org.springframework.boot.test.autoconfigure.restdocs.RestDocsTestExecutionListener, org.springframework.boot.test.autoconfigure.web.client.MockRestServiceServerResetTestExecutionListener, org.springframework.boot.test.autoconfigure.web.servlet.MockMvcPrintOnlyOnFailureTestExecutionListener, org.springframework.boot.test.autoconfigure.web.servlet.WebDriverTestExecutionListener, org.springframework.test.context.web.ServletTestExecutionListener, org.springframework.test.context.support.DirtiesContextBeforeModesTestExecutionListener, org.springframework.test.context.support.DependencyInjectionTestExecutionListener, org.springframework.test.context.support.DirtiesContextTestExecutionListener, org.springframework.test.context.transaction.TransactionalTestExecutionListener, org.springframework.test.context.jdbc.SqlScriptsTestExecutionListener]
19-09-11.18:19:41.545 [main            ] INFO  SpringBootTestContextBootstrapper  - Using TestExecutionListeners: [org.springframework.test.context.web.ServletTestExecutionListener@53ca01a2, org.springframework.test.context.support.DirtiesContextBeforeModesTestExecutionListener@358c99f5, org.springframework.boot.test.autoconfigure.SpringBootDependencyInjectionTestExecutionListener@3ee0fea4, org.springframework.test.context.support.DirtiesContextTestExecutionListener@48524010, org.springframework.test.context.transaction.TransactionalTestExecutionListener@4b168fa9, org.springframework.test.context.jdbc.SqlScriptsTestExecutionListener@1a84f40f, org.springframework.boot.test.mock.mockito.MockitoTestExecutionListener@23282c25, org.springframework.boot.test.mock.mockito.ResetMocksTestExecutionListener@7920ba90, org.springframework.boot.test.autoconfigure.restdocs.RestDocsTestExecutionListener@6b419da, org.springframework.boot.test.autoconfigure.web.servlet.WebDriverTestExecutionListener@3b2da18f, org.springframework.boot.test.autoconfigure.web.client.MockRestServiceServerResetTestExecutionListener@5906ebcb, org.springframework.boot.test.autoconfigure.web.servlet.MockMvcPrintOnlyOnFailureTestExecutionListener@258e2e41]
19-09-11.18:19:43.044 [main            ] INFO  IDeptServiceTest        - Starting IDeptServiceTest on mike-pc with PID 16512 (started by zhaomengyi in /home/zhaomengyi/Projects/GitHubProj/SpringCloud/microcloud/microcloud-provider-dept-8001)
19-09-11.18:19:43.050 [main            ] INFO  IDeptServiceTest        - No active profile set, falling back to default profiles: default
19-09-11.18:19:43.171 [main            ] INFO  GenericWebApplicationContext  - Refreshing org.springframework.web.context.support.GenericWebApplicationContext@14028087: startup date [Wed Sep 11 18:19:43 CST 2019]; root of context hierarchy
19-09-11.18:19:44.079 [background-preinit] INFO  Version                 - HV000001: Hibernate Validator 5.3.5.Final
19-09-11.18:19:47.963 [main            ] INFO  RequestMappingHandlerAdapter  - Looking for @ControllerAdvice: org.springframework.web.context.support.GenericWebApplicationContext@14028087: startup date [Wed Sep 11 18:19:43 CST 2019]; root of context hierarchy
19-09-11.18:19:48.089 [main            ] INFO  RequestMappingHandlerMapping  - Mapped "{[/error],produces=[text/html]}" onto public org.springframework.web.servlet.ModelAndView org.springframework.boot.autoconfigure.web.BasicErrorController.errorHtml(javax.servlet.http.HttpServletRequest,javax.servlet.http.HttpServletResponse)
19-09-11.18:19:48.091 [main            ] INFO  RequestMappingHandlerMapping  - Mapped "{[/error]}" onto public org.springframework.http.ResponseEntity<java.util.Map<java.lang.String, java.lang.Object>> org.springframework.boot.autoconfigure.web.BasicErrorController.error(javax.servlet.http.HttpServletRequest)
19-09-11.18:19:48.140 [main            ] INFO  SimpleUrlHandlerMapping  - Mapped URL path [/webjars/**] onto handler of type [class org.springframework.web.servlet.resource.ResourceHttpRequestHandler]
19-09-11.18:19:48.140 [main            ] INFO  SimpleUrlHandlerMapping  - Mapped URL path [/**] onto handler of type [class org.springframework.web.servlet.resource.ResourceHttpRequestHandler]
19-09-11.18:19:48.211 [main            ] INFO  SimpleUrlHandlerMapping  - Mapped URL path [/**/favicon.ico] onto handler of type [class org.springframework.web.servlet.resource.ResourceHttpRequestHandler]
19-09-11.18:19:48.685 [main            ] INFO  IDeptServiceTest        - Started IDeptServiceTest in 6.818 seconds (JVM running for 8.931)
19-09-11.18:19:48.901 [main            ] ERROR DruidDataSource         - testWhileIdle is true, validationQuery not set
19-09-11.18:19:48.912 [main            ] INFO  DruidDataSource         - {dataSource-1} inited
19-09-11.18:19:49.271 [main            ] DEBUG doCreate                - ==>  Preparing: INSERT INTO dept(dname,loc) VALUES (?,database()) ; 
19-09-11.18:19:49.307 [main            ] DEBUG doCreate                - ==> Parameters: 保洁部(String)
19-09-11.18:19:49.370 [main            ] DEBUG doCreate                - <==    Updates: 1
19-09-11.18:19:49.382 [Thread-3        ] INFO  GenericWebApplicationContext  - Closing org.springframework.web.context.support.GenericWebApplicationContext@14028087: startup date [Wed Sep 11 18:19:43 CST 2019]; root of context hierarchy
19-09-11.18:19:49.403 [Thread-3        ] INFO  DruidDataSource         - {dataSource-1} closed
19-09-11.18:19:59.309 [main            ] INFO  SpringBootTestContextBootstrapper  - Neither @ContextConfiguration nor @ContextHierarchy found for test class [IDeptServiceTest], using SpringBootContextLoader
19-09-11.18:19:59.326 [main            ] INFO  AbstractContextLoader   - Could not detect default resource locations for test class [IDeptServiceTest]: no resource found for suffixes {-context.xml, Context.groovy}.
19-09-11.18:19:59.446 [main            ] INFO  SpringBootTestContextBootstrapper  - Loaded default TestExecutionListener class names from location [META-INF/spring.factories]: [org.springframework.boot.test.mock.mockito.MockitoTestExecutionListener, org.springframework.boot.test.mock.mockito.ResetMocksTestExecutionListener, org.springframework.boot.test.autoconfigure.restdocs.RestDocsTestExecutionListener, org.springframework.boot.test.autoconfigure.web.client.MockRestServiceServerResetTestExecutionListener, org.springframework.boot.test.autoconfigure.web.servlet.MockMvcPrintOnlyOnFailureTestExecutionListener, org.springframework.boot.test.autoconfigure.web.servlet.WebDriverTestExecutionListener, org.springframework.test.context.web.ServletTestExecutionListener, org.springframework.test.context.support.DirtiesContextBeforeModesTestExecutionListener, org.springframework.test.context.support.DependencyInjectionTestExecutionListener, org.springframework.test.context.support.DirtiesContextTestExecutionListener, org.springframework.test.context.transaction.TransactionalTestExecutionListener, org.springframework.test.context.jdbc.SqlScriptsTestExecutionListener]
19-09-11.18:19:59.480 [main            ] INFO  SpringBootTestContextBootstrapper  - Using TestExecutionListeners: [org.springframework.test.context.web.ServletTestExecutionListener@53ca01a2, org.springframework.test.context.support.DirtiesContextBeforeModesTestExecutionListener@358c99f5, org.springframework.boot.test.autoconfigure.SpringBootDependencyInjectionTestExecutionListener@3ee0fea4, org.springframework.test.context.support.DirtiesContextTestExecutionListener@48524010, org.springframework.test.context.transaction.TransactionalTestExecutionListener@4b168fa9, org.springframework.test.context.jdbc.SqlScriptsTestExecutionListener@1a84f40f, org.springframework.boot.test.mock.mockito.MockitoTestExecutionListener@23282c25, org.springframework.boot.test.mock.mockito.ResetMocksTestExecutionListener@7920ba90, org.springframework.boot.test.autoconfigure.restdocs.RestDocsTestExecutionListener@6b419da, org.springframework.boot.test.autoconfigure.web.servlet.WebDriverTestExecutionListener@3b2da18f, org.springframework.boot.test.autoconfigure.web.client.MockRestServiceServerResetTestExecutionListener@5906ebcb, org.springframework.boot.test.autoconfigure.web.servlet.MockMvcPrintOnlyOnFailureTestExecutionListener@258e2e41]
19-09-11.18:20:00.722 [main            ] INFO  IDeptServiceTest        - Starting IDeptServiceTest on mike-pc with PID 16571 (started by zhaomengyi in /home/zhaomengyi/Projects/GitHubProj/SpringCloud/microcloud/microcloud-provider-dept-8001)
19-09-11.18:20:00.746 [main            ] INFO  IDeptServiceTest        - No active profile set, falling back to default profiles: default
19-09-11.18:20:00.866 [main            ] INFO  GenericWebApplicationContext  - Refreshing org.springframework.web.context.support.GenericWebApplicationContext@14028087: startup date [Wed Sep 11 18:20:00 CST 2019]; root of context hierarchy
19-09-11.18:20:01.678 [background-preinit] INFO  Version                 - HV000001: Hibernate Validator 5.3.5.Final
19-09-11.18:20:05.125 [main            ] INFO  RequestMappingHandlerAdapter  - Looking for @ControllerAdvice: org.springframework.web.context.support.GenericWebApplicationContext@14028087: startup date [Wed Sep 11 18:20:00 CST 2019]; root of context hierarchy
19-09-11.18:20:05.247 [main            ] INFO  RequestMappingHandlerMapping  - Mapped "{[/error],produces=[text/html]}" onto public org.springframework.web.servlet.ModelAndView org.springframework.boot.autoconfigure.web.BasicErrorController.errorHtml(javax.servlet.http.HttpServletRequest,javax.servlet.http.HttpServletResponse)
19-09-11.18:20:05.250 [main            ] INFO  RequestMappingHandlerMapping  - Mapped "{[/error]}" onto public org.springframework.http.ResponseEntity<java.util.Map<java.lang.String, java.lang.Object>> org.springframework.boot.autoconfigure.web.BasicErrorController.error(javax.servlet.http.HttpServletRequest)
19-09-11.18:20:05.311 [main            ] INFO  SimpleUrlHandlerMapping  - Mapped URL path [/webjars/**] onto handler of type [class org.springframework.web.servlet.resource.ResourceHttpRequestHandler]
19-09-11.18:20:05.311 [main            ] INFO  SimpleUrlHandlerMapping  - Mapped URL path [/**] onto handler of type [class org.springframework.web.servlet.resource.ResourceHttpRequestHandler]
19-09-11.18:20:05.376 [main            ] INFO  SimpleUrlHandlerMapping  - Mapped URL path [/**/favicon.ico] onto handler of type [class org.springframework.web.servlet.resource.ResourceHttpRequestHandler]
19-09-11.18:20:05.719 [main            ] INFO  IDeptServiceTest        - Started IDeptServiceTest in 6.003 seconds (JVM running for 7.434)
19-09-11.18:20:05.840 [main            ] ERROR DruidDataSource         - testWhileIdle is true, validationQuery not set
19-09-11.18:20:05.855 [main            ] INFO  DruidDataSource         - {dataSource-1} inited
19-09-11.18:20:06.291 [main            ] DEBUG findAll                 - ==>  Preparing: SELECT deptno,dname,loc FROM dept ; 
19-09-11.18:20:06.325 [main            ] DEBUG findAll                 - ==> Parameters: 
19-09-11.18:20:06.340 [main            ] TRACE findAll                 - <==    Columns: deptno, dname, loc
19-09-11.18:20:06.341 [main            ] TRACE findAll                 - <==        Row: 1, 开发部, ssm
19-09-11.18:20:06.345 [main            ] TRACE findAll                 - <==        Row: 2, 财务部, ssm
19-09-11.18:20:06.345 [main            ] TRACE findAll                 - <==        Row: 3, 市场部, ssm
19-09-11.18:20:06.346 [main            ] TRACE findAll                 - <==        Row: 4, 后勤部, ssm
19-09-11.18:20:06.346 [main            ] TRACE findAll                 - <==        Row: 5, 公关部, ssm
19-09-11.18:20:06.346 [main            ] TRACE findAll                 - <==        Row: 6, ???, ssm
19-09-11.18:20:06.347 [main            ] TRACE findAll                 - <==        Row: 7, ???, ssm
19-09-11.18:20:06.348 [main            ] DEBUG findAll                 - <==      Total: 7
19-09-11.18:20:06.363 [Thread-3        ] INFO  GenericWebApplicationContext  - Closing org.springframework.web.context.support.GenericWebApplicationContext@14028087: startup date [Wed Sep 11 18:20:00 CST 2019]; root of context hierarchy
19-09-11.18:20:06.373 [Thread-3        ] INFO  DruidDataSource         - {dataSource-1} closed
19-09-11.18:25:37.130 [main            ] INFO  SpringBootTestContextBootstrapper  - Neither @ContextConfiguration nor @ContextHierarchy found for test class [IDeptServiceTest], using SpringBootContextLoader
19-09-11.18:25:37.138 [main            ] INFO  AbstractContextLoader   - Could not detect default resource locations for test class [IDeptServiceTest]: no resource found for suffixes {-context.xml, Context.groovy}.
19-09-11.18:25:37.289 [main            ] INFO  SpringBootTestContextBootstrapper  - Loaded default TestExecutionListener class names from location [META-INF/spring.factories]: [org.springframework.boot.test.mock.mockito.MockitoTestExecutionListener, org.springframework.boot.test.mock.mockito.ResetMocksTestExecutionListener, org.springframework.boot.test.autoconfigure.restdocs.RestDocsTestExecutionListener, org.springframework.boot.test.autoconfigure.web.client.MockRestServiceServerResetTestExecutionListener, org.springframework.boot.test.autoconfigure.web.servlet.MockMvcPrintOnlyOnFailureTestExecutionListener, org.springframework.boot.test.autoconfigure.web.servlet.WebDriverTestExecutionListener, org.springframework.test.context.web.ServletTestExecutionListener, org.springframework.test.context.support.DirtiesContextBeforeModesTestExecutionListener, org.springframework.test.context.support.DependencyInjectionTestExecutionListener, org.springframework.test.context.support.DirtiesContextTestExecutionListener, org.springframework.test.context.transaction.TransactionalTestExecutionListener, org.springframework.test.context.jdbc.SqlScriptsTestExecutionListener]
19-09-11.18:25:37.324 [main            ] INFO  SpringBootTestContextBootstrapper  - Using TestExecutionListeners: [org.springframework.test.context.web.ServletTestExecutionListener@14ec4505, org.springframework.test.context.support.DirtiesContextBeforeModesTestExecutionListener@53ca01a2, org.springframework.boot.test.autoconfigure.SpringBootDependencyInjectionTestExecutionListener@358c99f5, org.springframework.test.context.support.DirtiesContextTestExecutionListener@3ee0fea4, org.springframework.test.context.transaction.TransactionalTestExecutionListener@48524010, org.springframework.test.context.jdbc.SqlScriptsTestExecutionListener@4b168fa9, org.springframework.boot.test.autoconfigure.web.servlet.WebDriverTestExecutionListener@1a84f40f, org.springframework.boot.test.mock.mockito.MockitoTestExecutionListener@23282c25, org.springframework.boot.test.autoconfigure.restdocs.RestDocsTestExecutionListener@7920ba90, org.springframework.boot.test.autoconfigure.web.servlet.MockMvcPrintOnlyOnFailureTestExecutionListener@6b419da, org.springframework.boot.test.autoconfigure.web.client.MockRestServiceServerResetTestExecutionListener@3b2da18f, org.springframework.boot.test.mock.mockito.ResetMocksTestExecutionListener@5906ebcb]
19-09-11.18:25:38.473 [main            ] INFO  IDeptServiceTest        - Starting IDeptServiceTest on mike-pc with PID 16783 (started by zhaomengyi in /home/zhaomengyi/Projects/GitHubProj/SpringCloud/microcloud/microcloud-provider-dept-8001)
19-09-11.18:25:38.474 [main            ] INFO  IDeptServiceTest        - No active profile set, falling back to default profiles: default
19-09-11.18:25:38.738 [main            ] INFO  GenericWebApplicationContext  - Refreshing org.springframework.web.context.support.GenericWebApplicationContext@5386659f: startup date [Wed Sep 11 18:25:38 CST 2019]; root of context hierarchy
19-09-11.18:25:39.730 [background-preinit] INFO  Version                 - HV000001: Hibernate Validator 5.3.5.Final
19-09-11.18:25:44.479 [main            ] INFO  RequestMappingHandlerAdapter  - Looking for @ControllerAdvice: org.springframework.web.context.support.GenericWebApplicationContext@5386659f: startup date [Wed Sep 11 18:25:38 CST 2019]; root of context hierarchy
19-09-11.18:25:44.611 [main            ] INFO  RequestMappingHandlerMapping  - Mapped "{[/error],produces=[text/html]}" onto public org.springframework.web.servlet.ModelAndView org.springframework.boot.autoconfigure.web.BasicErrorController.errorHtml(javax.servlet.http.HttpServletRequest,javax.servlet.http.HttpServletResponse)
19-09-11.18:25:44.613 [main            ] INFO  RequestMappingHandlerMapping  - Mapped "{[/error]}" onto public org.springframework.http.ResponseEntity<java.util.Map<java.lang.String, java.lang.Object>> org.springframework.boot.autoconfigure.web.BasicErrorController.error(javax.servlet.http.HttpServletRequest)
19-09-11.18:25:44.720 [main            ] INFO  SimpleUrlHandlerMapping  - Mapped URL path [/webjars/**] onto handler of type [class org.springframework.web.servlet.resource.ResourceHttpRequestHandler]
19-09-11.18:25:44.720 [main            ] INFO  SimpleUrlHandlerMapping  - Mapped URL path [/**] onto handler of type [class org.springframework.web.servlet.resource.ResourceHttpRequestHandler]
19-09-11.18:25:44.876 [main            ] INFO  SimpleUrlHandlerMapping  - Mapped URL path [/**/favicon.ico] onto handler of type [class org.springframework.web.servlet.resource.ResourceHttpRequestHandler]
19-09-11.18:25:45.527 [main            ] INFO  IDeptServiceTest        - Started IDeptServiceTest in 7.989 seconds (JVM running for 9.908)
19-09-11.18:25:45.670 [main            ] ERROR DruidDataSource         - testWhileIdle is true, validationQuery not set
19-09-11.18:25:45.687 [main            ] INFO  DruidDataSource         - {dataSource-1} inited
19-09-11.18:25:46.149 [main            ] DEBUG doCreate                - ==>  Preparing: INSERT INTO dept(dname,loc) VALUES (?,database()) ; 
19-09-11.18:25:46.183 [main            ] DEBUG doCreate                - ==> Parameters: 保洁部(String)
19-09-11.18:25:46.285 [main            ] DEBUG doCreate                - <==    Updates: 1
19-09-11.18:25:46.309 [Thread-3        ] INFO  GenericWebApplicationContext  - Closing org.springframework.web.context.support.GenericWebApplicationContext@5386659f: startup date [Wed Sep 11 18:25:38 CST 2019]; root of context hierarchy
19-09-11.18:25:46.342 [Thread-3        ] INFO  DruidDataSource         - {dataSource-1} closed
